2020-04-13 21:52:08,555 : Start....
2020-04-13 21:53:37,849 : Init: HR = 0.0690, NDCG = 0.0341
2020-04-13 21:58:11,724 : Epoch 1: HR = 0.3404, NDCG = 0.1878, loss = 0.6710
2020-04-13 22:02:29,349 : Epoch 2: HR = 0.3498, NDCG = 0.1954, loss = 0.6547
2020-04-13 22:06:42,491 : Epoch 3: HR = 0.3567, NDCG = 0.2034, loss = 0.6448
2020-04-13 22:11:06,026 : Epoch 4: HR = 0.3610, NDCG = 0.2022, loss = 0.6388
2020-04-13 22:15:14,876 : Epoch 5: HR = 0.3653, NDCG = 0.2041, loss = 0.6370
2020-04-13 22:19:19,484 : Epoch 6: HR = 0.3574, NDCG = 0.2032, loss = 0.6375
2020-04-13 22:23:49,026 : Epoch 7: HR = 0.3620, NDCG = 0.2035, loss = 0.6351
2020-04-13 22:28:10,758 : Epoch 8: HR = 0.3656, NDCG = 0.2104, loss = 0.6355
2020-04-13 22:32:27,772 : Epoch 9: HR = 0.3658, NDCG = 0.2066, loss = 0.6359
2020-04-13 22:36:32,080 : Epoch 10: HR = 0.3707, NDCG = 0.2113, loss = 0.6375
2020-04-13 22:36:32,106 : Best epoch 10: HR = 0.3707, NDCG = 0.2113
2020-04-18 14:24:19,598 : Start....
2020-04-18 14:34:14,348 : Start....
2020-04-18 14:34:15,317 : From /home/nick/Desktop/mysql/lib/python3.6/site-packages/keras/backend/tensorflow_backend.py:422: The name tf.global_variables is deprecated. Please use tf.compat.v1.global_variables instead.

2020-04-18 14:34:24,373 : Init: HR = 0.0967, NDCG = 0.0487
2020-04-18 14:34:24,963 : From /home/nick/Desktop/mysql/lib/python3.6/site-packages/tensorflow/python/ops/math_grad.py:1250: add_dispatch_support.<locals>.wrapper (from tensorflow.python.ops.array_ops) is deprecated and will be removed in a future version.
Instructions for updating:
Use tf.where in 2.0, which has the same broadcast rule as np.where
2020-04-18 14:34:47,062 : Epoch 1: HR = 0.1674, NDCG = 0.0856, loss = 3.7733
2020-04-18 14:35:09,104 : Epoch 2: HR = 0.1598, NDCG = 0.0762, loss = 3.6204
2020-04-18 14:35:30,631 : Epoch 3: HR = 0.1685, NDCG = 0.0808, loss = 3.4728
2020-04-18 14:35:52,112 : Epoch 4: HR = 0.1685, NDCG = 0.0793, loss = 3.3617
2020-04-18 14:36:13,756 : Epoch 5: HR = 0.1565, NDCG = 0.0733, loss = 3.2912
2020-04-18 14:36:35,122 : Epoch 6: HR = 0.1641, NDCG = 0.0789, loss = 3.2398
2020-04-18 14:36:56,769 : Epoch 7: HR = 0.1826, NDCG = 0.0878, loss = 3.2159
2020-04-18 14:37:18,397 : Epoch 8: HR = 0.1750, NDCG = 0.0810, loss = 3.1781
2020-04-18 14:37:39,745 : Epoch 9: HR = 0.1848, NDCG = 0.0928, loss = 3.1383
2020-04-18 14:38:01,538 : Epoch 10: HR = 0.1815, NDCG = 0.0895, loss = 3.1218
2020-04-18 14:38:01,538 : Best epoch 9: HR = 0.1848, NDCG = 0.0928
2020-04-18 17:37:37,375 : Start....
2020-04-18 17:38:03,573 : Start....
2020-04-18 17:38:04,456 : From /home/nick/Desktop/mysql/lib/python3.6/site-packages/keras/backend/tensorflow_backend.py:422: The name tf.global_variables is deprecated. Please use tf.compat.v1.global_variables instead.

2020-04-18 17:38:13,881 : Init: HR = 0.0967, NDCG = 0.0487
2020-04-18 17:38:14,507 : From /home/nick/Desktop/mysql/lib/python3.6/site-packages/tensorflow/python/ops/math_grad.py:1250: add_dispatch_support.<locals>.wrapper (from tensorflow.python.ops.array_ops) is deprecated and will be removed in a future version.
Instructions for updating:
Use tf.where in 2.0, which has the same broadcast rule as np.where
2020-04-18 17:38:37,551 : Epoch 1: HR = 0.1848, NDCG = 0.0915, loss = 3.7334
2020-04-18 17:39:04,831 : Epoch 2: HR = 0.1663, NDCG = 0.0824, loss = 3.5358
2020-04-18 17:39:34,839 : Epoch 3: HR = 0.1620, NDCG = 0.0774, loss = 3.3919
2020-04-18 17:40:05,135 : Epoch 4: HR = 0.1696, NDCG = 0.0740, loss = 3.3522
2020-04-18 17:40:36,893 : Epoch 5: HR = 0.1717, NDCG = 0.0813, loss = 3.2581
2020-04-18 17:41:03,194 : Epoch 6: HR = 0.1696, NDCG = 0.0815, loss = 3.2319
2020-04-18 17:41:33,488 : Epoch 7: HR = 0.1652, NDCG = 0.0751, loss = 3.1916
2020-04-18 17:41:58,997 : Epoch 8: HR = 0.1674, NDCG = 0.0837, loss = 3.1587
2020-04-18 17:42:24,082 : Epoch 9: HR = 0.1554, NDCG = 0.0801, loss = 3.1503
2020-04-18 17:42:49,435 : Epoch 10: HR = 0.1674, NDCG = 0.0877, loss = 3.1348
2020-04-18 17:42:49,435 : Best epoch 1: HR = 0.1848, NDCG = 0.0915
2020-04-18 18:20:49,465 : Start....
2020-04-18 18:20:50,344 : From /home/nick/Desktop/mysql/lib/python3.6/site-packages/keras/backend/tensorflow_backend.py:422: The name tf.global_variables is deprecated. Please use tf.compat.v1.global_variables instead.

2020-04-18 18:20:59,462 : Init: HR = 0.0967, NDCG = 0.0487
2020-04-18 18:21:00,123 : From /home/nick/Desktop/mysql/lib/python3.6/site-packages/tensorflow/python/ops/math_grad.py:1250: add_dispatch_support.<locals>.wrapper (from tensorflow.python.ops.array_ops) is deprecated and will be removed in a future version.
Instructions for updating:
Use tf.where in 2.0, which has the same broadcast rule as np.where
2020-04-18 18:21:22,786 : Epoch 1: HR = 0.1696, NDCG = 0.0786, loss = 3.8051
2020-04-18 18:21:44,670 : Epoch 2: HR = 0.1598, NDCG = 0.0735, loss = 3.4860
2020-04-18 18:22:07,273 : Epoch 3: HR = 0.1587, NDCG = 0.0716, loss = 3.3312
2020-04-18 18:22:28,805 : Epoch 4: HR = 0.1641, NDCG = 0.0803, loss = 3.2194
2020-04-18 18:22:50,527 : Epoch 5: HR = 0.1663, NDCG = 0.0807, loss = 3.1532
2020-04-18 18:23:13,161 : Epoch 6: HR = 0.1837, NDCG = 0.0882, loss = 3.1111
2020-04-18 18:23:35,944 : Epoch 7: HR = 0.1793, NDCG = 0.0909, loss = 3.0967
2020-04-18 18:23:57,938 : Epoch 8: HR = 0.1848, NDCG = 0.0889, loss = 3.0515
2020-04-18 18:24:20,566 : Epoch 9: HR = 0.1826, NDCG = 0.0913, loss = 3.0239
2020-04-18 18:24:42,129 : Epoch 10: HR = 0.1924, NDCG = 0.0962, loss = 2.9967
2020-04-18 18:24:42,156 : Best epoch 10: HR = 0.1924, NDCG = 0.0962
2020-04-18 19:28:32,161 : Start....
2020-04-18 19:28:33,037 : From /home/nick/Desktop/mysql/lib/python3.6/site-packages/keras/backend/tensorflow_backend.py:422: The name tf.global_variables is deprecated. Please use tf.compat.v1.global_variables instead.

2020-04-20 13:01:46,360 : Start....
2020-04-20 13:01:47,325 : From /home/nick/Desktop/mysql/lib/python3.6/site-packages/keras/backend/tensorflow_backend.py:422: The name tf.global_variables is deprecated. Please use tf.compat.v1.global_variables instead.

2020-04-20 13:15:07,795 : Start....
2020-04-20 13:15:08,687 : From /home/nick/Desktop/mysql/lib/python3.6/site-packages/keras/backend/tensorflow_backend.py:422: The name tf.global_variables is deprecated. Please use tf.compat.v1.global_variables instead.

2020-04-20 13:15:17,866 : Init: HR = 0.0967, NDCG = 0.0487
2020-04-20 13:15:18,480 : From /home/nick/Desktop/mysql/lib/python3.6/site-packages/tensorflow/python/ops/math_grad.py:1250: add_dispatch_support.<locals>.wrapper (from tensorflow.python.ops.array_ops) is deprecated and will be removed in a future version.
Instructions for updating:
Use tf.where in 2.0, which has the same broadcast rule as np.where
2020-04-20 13:15:41,421 : Epoch 1: HR = 0.1717, NDCG = 0.0848, loss = 3.7215
2020-04-20 13:16:05,918 : Epoch 2: HR = 0.1696, NDCG = 0.0846, loss = 3.5449
2020-04-20 13:16:28,133 : Epoch 3: HR = 0.1739, NDCG = 0.0826, loss = 3.3803
2020-04-20 13:16:51,286 : Epoch 4: HR = 0.1783, NDCG = 0.0868, loss = 3.2716
2020-04-20 13:17:14,854 : Epoch 5: HR = 0.1957, NDCG = 0.0984, loss = 3.2446
2020-04-20 13:17:38,925 : Epoch 6: HR = 0.1783, NDCG = 0.0886, loss = 3.1964
2020-04-20 13:18:03,991 : Epoch 7: HR = 0.1826, NDCG = 0.0938, loss = 3.1558
2020-04-20 13:18:30,008 : Epoch 8: HR = 0.1815, NDCG = 0.0971, loss = 3.1570
2020-04-20 13:18:53,428 : Epoch 9: HR = 0.1728, NDCG = 0.0904, loss = 3.1302
2020-04-20 13:19:16,066 : Epoch 10: HR = 0.1707, NDCG = 0.0877, loss = 3.1091
2020-04-20 13:19:16,067 : Best epoch 5: HR = 0.1957, NDCG = 0.0984
2020-04-20 13:28:38,978 : Start....
2020-04-20 13:28:39,836 : From /home/nick/Desktop/mysql/lib/python3.6/site-packages/keras/backend/tensorflow_backend.py:422: The name tf.global_variables is deprecated. Please use tf.compat.v1.global_variables instead.

2020-04-20 13:28:48,750 : Init: HR = 0.0967, NDCG = 0.0487
2020-04-20 13:28:49,347 : From /home/nick/Desktop/mysql/lib/python3.6/site-packages/tensorflow/python/ops/math_grad.py:1250: add_dispatch_support.<locals>.wrapper (from tensorflow.python.ops.array_ops) is deprecated and will be removed in a future version.
Instructions for updating:
Use tf.where in 2.0, which has the same broadcast rule as np.where
2020-04-20 13:29:11,899 : Epoch 1: HR = 0.1783, NDCG = 0.0885, loss = 3.7412
2020-04-20 13:29:34,283 : Epoch 2: HR = 0.1880, NDCG = 0.0948, loss = 3.5312
2020-04-20 13:29:56,076 : Epoch 3: HR = 0.2054, NDCG = 0.1055, loss = 3.3859
2020-04-20 13:30:18,199 : Epoch 4: HR = 0.1957, NDCG = 0.0964, loss = 3.3141
2020-04-20 13:30:39,964 : Epoch 5: HR = 0.1870, NDCG = 0.0905, loss = 3.2643
2020-04-20 13:31:02,624 : Epoch 6: HR = 0.1815, NDCG = 0.0938, loss = 3.2550
2020-04-20 13:31:26,338 : Epoch 7: HR = 0.1924, NDCG = 0.0946, loss = 3.2025
2020-04-20 13:31:48,709 : Epoch 8: HR = 0.1967, NDCG = 0.0971, loss = 3.1848
2020-04-20 13:32:11,226 : Epoch 9: HR = 0.1946, NDCG = 0.0969, loss = 3.1697
2020-04-20 13:32:33,328 : Epoch 10: HR = 0.1848, NDCG = 0.0926, loss = 3.1524
2020-04-20 13:32:33,328 : Best epoch 3: HR = 0.2054, NDCG = 0.1055
2020-04-20 13:46:50,324 : Start....
2020-04-20 13:46:51,198 : From /home/nick/Desktop/mysql/lib/python3.6/site-packages/keras/backend/tensorflow_backend.py:422: The name tf.global_variables is deprecated. Please use tf.compat.v1.global_variables instead.

2020-04-20 13:47:00,259 : Init: HR = 0.0967, NDCG = 0.0487
2020-04-20 13:47:00,863 : From /home/nick/Desktop/mysql/lib/python3.6/site-packages/tensorflow/python/ops/math_grad.py:1250: add_dispatch_support.<locals>.wrapper (from tensorflow.python.ops.array_ops) is deprecated and will be removed in a future version.
Instructions for updating:
Use tf.where in 2.0, which has the same broadcast rule as np.where
2020-04-20 13:47:23,248 : Epoch 1: HR = 0.1587, NDCG = 0.0774, loss = 3.7048
2020-04-20 13:47:45,454 : Epoch 2: HR = 0.1587, NDCG = 0.0827, loss = 3.4965
2020-04-20 13:48:07,854 : Epoch 3: HR = 0.1478, NDCG = 0.0689, loss = 3.3634
2020-04-20 13:48:30,560 : Epoch 4: HR = 0.1511, NDCG = 0.0753, loss = 3.2895
2020-04-20 13:48:56,735 : Epoch 5: HR = 0.1478, NDCG = 0.0715, loss = 3.2321
2020-04-20 13:49:19,643 : Epoch 6: HR = 0.1576, NDCG = 0.0808, loss = 3.1901
2020-04-20 13:49:42,553 : Epoch 7: HR = 0.1739, NDCG = 0.0837, loss = 3.1644
2020-04-20 13:50:07,182 : Epoch 8: HR = 0.1696, NDCG = 0.0833, loss = 3.1482
2020-04-20 13:50:29,283 : Epoch 9: HR = 0.1522, NDCG = 0.0763, loss = 3.1363
2020-04-20 13:50:53,107 : Epoch 10: HR = 0.1565, NDCG = 0.0808, loss = 3.1174
2020-04-20 13:50:53,107 : Best epoch 7: HR = 0.1739, NDCG = 0.0837
2020-04-29 15:07:36,155 : Start....
2020-04-29 15:07:37,426 : From /home/nick/Desktop/mysql/lib/python3.6/site-packages/keras/backend/tensorflow_backend.py:422: The name tf.global_variables is deprecated. Please use tf.compat.v1.global_variables instead.

2020-04-29 15:07:47,646 : Init: HR = 0.0967, NDCG = 0.0487
2020-04-29 15:07:48,267 : From /home/nick/Desktop/mysql/lib/python3.6/site-packages/tensorflow/python/ops/math_grad.py:1250: add_dispatch_support.<locals>.wrapper (from tensorflow.python.ops.array_ops) is deprecated and will be removed in a future version.
Instructions for updating:
Use tf.where in 2.0, which has the same broadcast rule as np.where
2020-04-29 15:08:14,841 : Epoch 1: HR = 0.1609, NDCG = 0.0871, loss = 3.7222
2020-04-29 15:08:39,169 : Epoch 2: HR = 0.1750, NDCG = 0.0908, loss = 3.5253
2020-04-29 15:09:05,745 : Epoch 3: HR = 0.1728, NDCG = 0.0895, loss = 3.4117
2020-04-29 15:09:30,867 : Epoch 4: HR = 0.1815, NDCG = 0.0925, loss = 3.2892
2020-04-29 15:09:54,418 : Epoch 5: HR = 0.1739, NDCG = 0.0843, loss = 3.1886
2020-04-29 15:10:16,781 : Epoch 6: HR = 0.1707, NDCG = 0.0807, loss = 3.1759
2020-04-29 15:10:39,652 : Epoch 7: HR = 0.1685, NDCG = 0.0862, loss = 3.1716
2020-04-29 15:11:02,218 : Epoch 8: HR = 0.1804, NDCG = 0.0839, loss = 3.1171
2020-04-29 15:11:24,949 : Epoch 9: HR = 0.1793, NDCG = 0.0922, loss = 3.0829
2020-04-29 15:11:47,812 : Epoch 10: HR = 0.0011, NDCG = 0.0004, loss = nan
2020-04-29 15:11:47,812 : Best epoch 4: HR = 0.1815, NDCG = 0.0925
2020-05-02 11:14:37,744 : Start....
2020-05-02 11:14:39,918 : From /home/nick/Desktop/mysql/lib/python3.6/site-packages/keras/backend/tensorflow_backend.py:422: The name tf.global_variables is deprecated. Please use tf.compat.v1.global_variables instead.

2020-05-02 11:14:49,292 : Init: HR = 0.0967, NDCG = 0.0487
2020-05-02 11:14:50,115 : From /home/nick/Desktop/mysql/lib/python3.6/site-packages/tensorflow/python/ops/math_grad.py:1250: add_dispatch_support.<locals>.wrapper (from tensorflow.python.ops.array_ops) is deprecated and will be removed in a future version.
Instructions for updating:
Use tf.where in 2.0, which has the same broadcast rule as np.where
2020-05-02 11:15:13,728 : Epoch 1: HR = 0.1587, NDCG = 0.0759, loss = 3.7013
2020-05-02 11:15:35,566 : Epoch 2: HR = 0.1620, NDCG = 0.0778, loss = 3.4290
2020-05-02 11:15:57,394 : Epoch 3: HR = 0.1804, NDCG = 0.0829, loss = 3.2873
2020-05-02 11:16:19,508 : Epoch 4: HR = 0.1543, NDCG = 0.0771, loss = 3.2043
2020-05-02 11:16:47,195 : Epoch 5: HR = 0.1674, NDCG = 0.0853, loss = 3.1516
2020-05-02 11:17:10,125 : Epoch 6: HR = 0.1598, NDCG = 0.0744, loss = 3.1165
2020-05-02 11:17:33,132 : Epoch 7: HR = 0.1609, NDCG = 0.0798, loss = 3.0909
2020-05-02 11:17:55,778 : Epoch 8: HR = 0.1500, NDCG = 0.0747, loss = 3.0451
2020-05-02 11:18:18,670 : Epoch 9: HR = 0.1500, NDCG = 0.0731, loss = 3.0198
2020-05-02 11:18:43,440 : Epoch 10: HR = 0.0011, NDCG = 0.0004, loss = nan
2020-05-02 11:18:43,440 : Best epoch 3: HR = 0.1804, NDCG = 0.0829
2020-05-02 11:39:48,417 : Start....
2020-05-02 11:39:49,299 : From /home/nick/Desktop/mysql/lib/python3.6/site-packages/keras/backend/tensorflow_backend.py:422: The name tf.global_variables is deprecated. Please use tf.compat.v1.global_variables instead.

2020-05-02 11:39:58,389 : Init: HR = 0.0967, NDCG = 0.0487
2020-05-02 11:39:59,005 : From /home/nick/Desktop/mysql/lib/python3.6/site-packages/tensorflow/python/ops/math_grad.py:1250: add_dispatch_support.<locals>.wrapper (from tensorflow.python.ops.array_ops) is deprecated and will be removed in a future version.
Instructions for updating:
Use tf.where in 2.0, which has the same broadcast rule as np.where
2020-05-02 11:40:22,455 : Epoch 1: HR = 0.1728, NDCG = 0.0903, loss = 3.7297
2020-05-02 11:40:47,346 : Epoch 2: HR = 0.1707, NDCG = 0.0869, loss = 3.5439
2020-05-02 11:41:10,095 : Epoch 3: HR = 0.1815, NDCG = 0.0925, loss = 3.4282
2020-05-02 11:41:35,311 : Epoch 4: HR = 0.1739, NDCG = 0.0865, loss = 3.3110
2020-05-02 11:42:03,237 : Epoch 5: HR = 0.1815, NDCG = 0.0919, loss = 3.2420
2020-05-02 11:42:28,805 : Epoch 6: HR = 0.1707, NDCG = 0.0889, loss = 3.1808
2020-05-02 11:42:50,857 : Epoch 7: HR = 0.1685, NDCG = 0.0853, loss = 3.1379
2020-05-02 11:43:12,546 : Epoch 8: HR = 0.1989, NDCG = 0.1029, loss = 3.1215
2020-05-02 11:43:34,417 : Epoch 9: HR = 0.1793, NDCG = 0.0925, loss = 3.0972
2020-05-02 11:43:56,509 : Epoch 10: HR = 0.1880, NDCG = 0.1007, loss = 3.0847
2020-05-02 11:43:56,509 : Best epoch 8: HR = 0.1989, NDCG = 0.1029
2020-05-02 11:48:19,195 : Start....
2020-05-02 11:48:20,148 : From /home/nick/Desktop/mysql/lib/python3.6/site-packages/keras/backend/tensorflow_backend.py:422: The name tf.global_variables is deprecated. Please use tf.compat.v1.global_variables instead.

2020-05-02 12:01:22,678 : Start....
2020-05-02 12:01:23,588 : From /home/nick/Desktop/mysql/lib/python3.6/site-packages/keras/backend/tensorflow_backend.py:422: The name tf.global_variables is deprecated. Please use tf.compat.v1.global_variables instead.

2020-05-02 12:01:32,854 : Init: HR = 0.0967, NDCG = 0.0487
2020-05-02 12:01:33,484 : From /home/nick/Desktop/mysql/lib/python3.6/site-packages/tensorflow/python/ops/math_grad.py:1250: add_dispatch_support.<locals>.wrapper (from tensorflow.python.ops.array_ops) is deprecated and will be removed in a future version.
Instructions for updating:
Use tf.where in 2.0, which has the same broadcast rule as np.where
2020-05-02 12:01:56,221 : Epoch 1: HR = 0.1739, NDCG = 0.0919, loss = 3.7398
2020-05-02 12:02:18,999 : Epoch 2: HR = 0.1891, NDCG = 0.0908, loss = 3.5466
2020-05-02 12:02:45,543 : Epoch 3: HR = 0.1500, NDCG = 0.0748, loss = 3.4150
2020-05-02 12:03:14,378 : Epoch 4: HR = 0.1674, NDCG = 0.0848, loss = 3.2666
2020-05-02 12:03:44,343 : Epoch 5: HR = 0.1793, NDCG = 0.0842, loss = 3.2075
2020-05-02 12:04:10,775 : Epoch 6: HR = 0.1750, NDCG = 0.0870, loss = 3.1466
2020-05-02 12:04:36,715 : Epoch 7: HR = 0.1750, NDCG = 0.0872, loss = 3.0923
2020-05-02 12:05:03,097 : Epoch 8: HR = 0.1663, NDCG = 0.0804, loss = 3.0870
2020-05-02 12:05:30,535 : Epoch 9: HR = 0.1598, NDCG = 0.0784, loss = 3.0452
2020-05-02 12:05:54,960 : Epoch 10: HR = 0.1696, NDCG = 0.0836, loss = 3.0411
2020-05-02 12:05:54,960 : Best epoch 2: HR = 0.1891, NDCG = 0.0908
2020-05-02 12:28:55,406 : Start....
2020-05-02 12:28:56,311 : From /home/nick/Desktop/mysql/lib/python3.6/site-packages/keras/backend/tensorflow_backend.py:422: The name tf.global_variables is deprecated. Please use tf.compat.v1.global_variables instead.

2020-05-02 12:29:05,816 : Init: HR = 0.0967, NDCG = 0.0487
2020-05-02 12:29:06,755 : From /home/nick/Desktop/mysql/lib/python3.6/site-packages/tensorflow/python/ops/math_grad.py:1250: add_dispatch_support.<locals>.wrapper (from tensorflow.python.ops.array_ops) is deprecated and will be removed in a future version.
Instructions for updating:
Use tf.where in 2.0, which has the same broadcast rule as np.where
2020-05-02 12:29:36,413 : Epoch 1: HR = 0.1804, NDCG = 0.1020, loss = 3.7200
2020-05-02 12:30:06,181 : Epoch 2: HR = 0.1576, NDCG = 0.0807, loss = 3.5813
2020-05-02 12:30:28,766 : Epoch 3: HR = 0.1652, NDCG = 0.0801, loss = 3.4817
2020-05-02 12:30:51,255 : Epoch 4: HR = 0.1641, NDCG = 0.0786, loss = 3.4047
2020-05-02 12:31:13,724 : Epoch 5: HR = 0.1707, NDCG = 0.0846, loss = 3.3528
2020-05-02 12:31:37,165 : Epoch 6: HR = 0.1685, NDCG = 0.0861, loss = 3.3400
2020-05-02 12:32:01,971 : Epoch 7: HR = 0.1761, NDCG = 0.0928, loss = 3.3032
2020-05-02 12:32:27,809 : Epoch 8: HR = 0.1837, NDCG = 0.0895, loss = 3.2682
2020-05-02 12:32:55,641 : Epoch 9: HR = 0.0011, NDCG = 0.0004, loss = nan
2020-05-02 12:33:19,714 : Epoch 10: HR = 0.0011, NDCG = 0.0004, loss = nan
2020-05-02 12:33:19,714 : Best epoch 8: HR = 0.1837, NDCG = 0.0895
2020-05-07 13:17:06,312 : Start....
2020-05-07 13:18:44,414 : Start....
2020-05-07 13:18:45,339 : From /home/nick/Desktop/mysql/lib/python3.6/site-packages/keras/backend/tensorflow_backend.py:422: The name tf.global_variables is deprecated. Please use tf.compat.v1.global_variables instead.

2020-05-07 13:18:56,762 : Init: HR = 0.1272, NDCG = 0.0646
2020-05-07 13:18:57,369 : From /home/nick/Desktop/mysql/lib/python3.6/site-packages/tensorflow/python/ops/math_grad.py:1250: add_dispatch_support.<locals>.wrapper (from tensorflow.python.ops.array_ops) is deprecated and will be removed in a future version.
Instructions for updating:
Use tf.where in 2.0, which has the same broadcast rule as np.where
2020-05-07 13:19:20,259 : Epoch 1: HR = 0.1913, NDCG = 0.0994, loss = 3.7378
2020-05-07 13:19:42,001 : Epoch 2: HR = 0.1957, NDCG = 0.0957, loss = 3.5897
2020-05-07 13:20:05,287 : Epoch 3: HR = 0.2000, NDCG = 0.0945, loss = 3.4452
2020-05-07 13:20:27,530 : Epoch 4: HR = 0.2000, NDCG = 0.0969, loss = 3.3038
2020-05-07 13:20:49,730 : Epoch 5: HR = 0.2076, NDCG = 0.1071, loss = 3.2383
2020-05-07 13:21:15,015 : Epoch 6: HR = 0.2076, NDCG = 0.1066, loss = 3.1848
2020-05-07 13:21:38,699 : Epoch 7: HR = 0.1978, NDCG = 0.0966, loss = 3.1647
2020-05-07 13:22:00,576 : Epoch 8: HR = 0.0022, NDCG = 0.0008, loss = nan
2020-05-07 13:22:22,242 : Epoch 9: HR = 0.0022, NDCG = 0.0008, loss = nan
2020-05-07 13:22:43,791 : Epoch 10: HR = 0.0022, NDCG = 0.0008, loss = nan
2020-05-07 13:22:43,791 : Best epoch 5: HR = 0.2076, NDCG = 0.1071
2020-05-07 13:44:15,010 : Start....
2020-05-07 13:44:16,060 : From /home/nick/Desktop/mysql/lib/python3.6/site-packages/keras/backend/tensorflow_backend.py:422: The name tf.global_variables is deprecated. Please use tf.compat.v1.global_variables instead.

2020-05-07 13:44:26,664 : Init: HR = 0.1272, NDCG = 0.0646
2020-05-07 13:44:27,463 : From /home/nick/Desktop/mysql/lib/python3.6/site-packages/tensorflow/python/ops/math_grad.py:1250: add_dispatch_support.<locals>.wrapper (from tensorflow.python.ops.array_ops) is deprecated and will be removed in a future version.
Instructions for updating:
Use tf.where in 2.0, which has the same broadcast rule as np.where
2020-05-07 13:44:51,313 : Epoch 1: HR = 0.1761, NDCG = 0.0901, loss = 3.7587
2020-05-07 13:45:15,132 : Epoch 2: HR = 0.2043, NDCG = 0.1011, loss = 3.5736
2020-05-07 13:45:40,067 : Epoch 3: HR = 0.1870, NDCG = 0.0944, loss = 3.4832
2020-05-07 13:46:02,676 : Epoch 4: HR = 0.1870, NDCG = 0.0875, loss = 3.3885
2020-05-07 13:46:24,787 : Epoch 5: HR = 0.2054, NDCG = 0.1024, loss = 3.3105
2020-05-07 13:46:48,182 : Epoch 6: HR = 0.2109, NDCG = 0.0968, loss = 3.2506
2020-05-07 13:47:14,217 : Epoch 7: HR = 0.1978, NDCG = 0.1035, loss = 3.2314
2020-05-07 13:47:37,708 : Epoch 8: HR = 0.0022, NDCG = 0.0008, loss = nan
2020-05-07 13:48:00,312 : Epoch 9: HR = 0.0022, NDCG = 0.0008, loss = nan
2020-05-07 13:48:24,711 : Epoch 10: HR = 0.0022, NDCG = 0.0008, loss = nan
2020-05-07 13:48:24,711 : Best epoch 6: HR = 0.2109, NDCG = 0.0968
2020-05-10 13:30:29,630 : Start....
2020-05-10 13:30:30,567 : From /home/nick/Desktop/mysql/lib/python3.6/site-packages/keras/backend/tensorflow_backend.py:422: The name tf.global_variables is deprecated. Please use tf.compat.v1.global_variables instead.

2020-05-10 13:30:39,876 : Init: HR = 0.1891, NDCG = 0.1009
2020-05-10 13:30:40,527 : From /home/nick/Desktop/mysql/lib/python3.6/site-packages/tensorflow/python/ops/math_grad.py:1250: add_dispatch_support.<locals>.wrapper (from tensorflow.python.ops.array_ops) is deprecated and will be removed in a future version.
Instructions for updating:
Use tf.where in 2.0, which has the same broadcast rule as np.where
2020-05-10 13:31:08,091 : Epoch 1: HR = 0.2207, NDCG = 0.1105, loss = 3.7184
2020-05-10 13:31:34,570 : Epoch 2: HR = 0.1957, NDCG = 0.0981, loss = 3.5128
2020-05-10 13:32:00,209 : Epoch 3: HR = 0.2185, NDCG = 0.1037, loss = 3.3661
2020-05-10 13:32:26,824 : Epoch 4: HR = 0.1891, NDCG = 0.0931, loss = 3.2264
2020-05-10 13:32:48,889 : Epoch 5: HR = 0.2022, NDCG = 0.1014, loss = 3.1371
2020-05-10 13:33:10,765 : Epoch 6: HR = 0.2152, NDCG = 0.1026, loss = 3.0880
2020-05-10 13:33:32,826 : Epoch 7: HR = 0.0022, NDCG = 0.0008, loss = nan
2020-05-10 13:33:55,032 : Epoch 8: HR = 0.0022, NDCG = 0.0008, loss = nan
2020-05-10 13:34:17,029 : Epoch 9: HR = 0.0022, NDCG = 0.0008, loss = nan
2020-05-10 13:34:43,157 : Epoch 10: HR = 0.0022, NDCG = 0.0008, loss = nan
2020-05-10 13:34:43,158 : Best epoch 1: HR = 0.2207, NDCG = 0.1105
2020-05-10 13:41:00,239 : Start....
2020-05-10 13:41:01,162 : From /home/nick/Desktop/mysql/lib/python3.6/site-packages/keras/backend/tensorflow_backend.py:422: The name tf.global_variables is deprecated. Please use tf.compat.v1.global_variables instead.

2020-05-10 17:57:41,513 : Start....
2020-05-10 17:57:42,490 : From /home/nick/Desktop/mysql/lib/python3.6/site-packages/keras/backend/tensorflow_backend.py:422: The name tf.global_variables is deprecated. Please use tf.compat.v1.global_variables instead.

2020-05-10 18:16:58,111 : Start....
2020-05-10 18:16:59,003 : From /home/nick/Desktop/mysql/lib/python3.6/site-packages/keras/backend/tensorflow_backend.py:422: The name tf.global_variables is deprecated. Please use tf.compat.v1.global_variables instead.

2020-05-10 18:17:08,014 : Init: HR = 0.1707, NDCG = 0.0911
2020-05-10 18:17:08,643 : From /home/nick/Desktop/mysql/lib/python3.6/site-packages/tensorflow/python/ops/math_grad.py:1250: add_dispatch_support.<locals>.wrapper (from tensorflow.python.ops.array_ops) is deprecated and will be removed in a future version.
Instructions for updating:
Use tf.where in 2.0, which has the same broadcast rule as np.where
2020-05-10 18:17:31,123 : Epoch 1: HR = 0.2120, NDCG = 0.1138, loss = 3.7301
2020-05-10 18:17:54,978 : Epoch 2: HR = 0.2185, NDCG = 0.1112, loss = 3.5766
2020-05-10 18:18:16,758 : Epoch 3: HR = 0.2130, NDCG = 0.1053, loss = 3.4070
2020-05-10 18:18:38,738 : Epoch 4: HR = 0.2228, NDCG = 0.1094, loss = 3.3167
2020-05-10 18:19:00,348 : Epoch 5: HR = 0.2272, NDCG = 0.1157, loss = 3.2425
2020-05-10 18:19:21,944 : Epoch 6: HR = 0.2315, NDCG = 0.1177, loss = 3.2067
2020-05-10 18:19:43,943 : Epoch 7: HR = 0.2109, NDCG = 0.1055, loss = 3.1149
2020-05-10 18:20:05,563 : Epoch 8: HR = 0.2098, NDCG = 0.1072, loss = 3.0488
2020-05-10 18:20:27,348 : Epoch 9: HR = 0.1989, NDCG = 0.1038, loss = 3.0015
2020-05-10 18:20:49,916 : Epoch 10: HR = 0.2065, NDCG = 0.1090, loss = 2.9731
2020-05-10 18:20:49,916 : Best epoch 6: HR = 0.2315, NDCG = 0.1177
2020-05-10 18:34:48,270 : Start....
2020-05-10 18:35:21,620 : Start....
2020-05-10 18:35:34,814 : Start....
2020-05-10 18:35:35,731 : From /home/nick/Desktop/mysql/lib/python3.6/site-packages/keras/backend/tensorflow_backend.py:422: The name tf.global_variables is deprecated. Please use tf.compat.v1.global_variables instead.

2020-05-10 18:38:25,792 : Start....
2020-05-10 18:38:26,679 : From /home/nick/Desktop/mysql/lib/python3.6/site-packages/keras/backend/tensorflow_backend.py:422: The name tf.global_variables is deprecated. Please use tf.compat.v1.global_variables instead.

2020-05-10 18:38:36,119 : Init: HR = 0.1272, NDCG = 0.0646
2020-05-10 18:38:36,731 : From /home/nick/Desktop/mysql/lib/python3.6/site-packages/tensorflow/python/ops/math_grad.py:1250: add_dispatch_support.<locals>.wrapper (from tensorflow.python.ops.array_ops) is deprecated and will be removed in a future version.
Instructions for updating:
Use tf.where in 2.0, which has the same broadcast rule as np.where
2020-05-10 18:38:59,149 : Epoch 1: HR = 0.2130, NDCG = 0.1063, loss = 3.7262
2020-05-10 18:39:20,937 : Epoch 2: HR = 0.2207, NDCG = 0.1114, loss = 3.5685
2020-05-10 18:39:42,942 : Epoch 3: HR = 0.2174, NDCG = 0.1101, loss = 3.4233
2020-05-10 18:40:04,568 : Epoch 4: HR = 0.1815, NDCG = 0.0938, loss = 3.2867
2020-05-10 18:40:26,400 : Epoch 5: HR = 0.2120, NDCG = 0.1086, loss = 3.1948
2020-05-10 18:40:48,360 : Epoch 6: HR = 0.2043, NDCG = 0.1106, loss = 3.1577
2020-05-10 18:41:10,012 : Epoch 7: HR = 0.2054, NDCG = 0.1027, loss = 3.1639
2020-05-10 18:41:31,704 : Epoch 8: HR = 0.1978, NDCG = 0.0987, loss = 3.1231
2020-05-10 18:41:53,761 : Epoch 9: HR = 0.0022, NDCG = 0.0008, loss = nan
2020-05-10 18:42:15,727 : Epoch 10: HR = 0.0022, NDCG = 0.0008, loss = nan
2020-05-10 18:42:15,728 : Best epoch 2: HR = 0.2207, NDCG = 0.1114
2020-05-18 21:09:15,901 : Start....
2020-05-18 21:15:20,938 : Start....
2020-05-18 21:22:37,469 : Init: HR = 0.1493, NDCG = 0.0837
2020-05-19 17:07:54,032 : Start....
2020-05-19 17:08:04,065 : From /home/nick/Desktop/mysql/lib/python3.6/site-packages/keras/backend/tensorflow_backend.py:422: The name tf.global_variables is deprecated. Please use tf.compat.v1.global_variables instead.

2020-05-19 17:15:10,582 : Init: HR = 0.1493, NDCG = 0.0837
2020-05-19 17:15:12,879 : From /home/nick/Desktop/mysql/lib/python3.6/site-packages/tensorflow/python/ops/math_grad.py:1250: add_dispatch_support.<locals>.wrapper (from tensorflow.python.ops.array_ops) is deprecated and will be removed in a future version.
Instructions for updating:
Use tf.where in 2.0, which has the same broadcast rule as np.where
2020-05-19 17:26:30,908 : Epoch 1: HR = 0.4383, NDCG = 0.2782, loss = 1.4835
2020-05-19 17:38:18,433 : Epoch 2: HR = 0.4749, NDCG = 0.3035, loss = 1.4373
2020-05-19 17:49:57,826 : Epoch 3: HR = 0.4664, NDCG = 0.2948, loss = 1.4166
2020-05-19 18:02:00,256 : Epoch 4: HR = 0.4480, NDCG = 0.2759, loss = 1.3979
2020-05-19 18:12:59,131 : Epoch 5: HR = 0.4458, NDCG = 0.2728, loss = 1.3848
2020-05-19 18:23:41,126 : Epoch 6: HR = 0.4368, NDCG = 0.2727, loss = 1.3803
2020-05-19 18:34:20,375 : Epoch 7: HR = 0.4246, NDCG = 0.2648, loss = 1.3701
2020-05-19 18:45:00,625 : Epoch 8: HR = 0.4302, NDCG = 0.2699, loss = 1.3648
2020-05-19 18:55:41,143 : Epoch 9: HR = 0.4264, NDCG = 0.2574, loss = 1.3589
2020-05-19 19:07:21,756 : Epoch 10: HR = 0.4253, NDCG = 0.2595, loss = 1.3591
2020-05-19 19:07:21,756 : Best epoch 2: HR = 0.4749, NDCG = 0.3035
2020-05-19 19:26:08,756 : Start....
2020-05-19 19:26:18,678 : From /home/nick/Desktop/mysql/lib/python3.6/site-packages/keras/backend/tensorflow_backend.py:422: The name tf.global_variables is deprecated. Please use tf.compat.v1.global_variables instead.

2020-05-19 19:32:58,679 : Init: HR = 0.1493, NDCG = 0.0837
2020-05-19 19:33:00,967 : From /home/nick/Desktop/mysql/lib/python3.6/site-packages/tensorflow/python/ops/math_grad.py:1250: add_dispatch_support.<locals>.wrapper (from tensorflow.python.ops.array_ops) is deprecated and will be removed in a future version.
Instructions for updating:
Use tf.where in 2.0, which has the same broadcast rule as np.where
2020-05-19 19:41:27,731 : Epoch 1: HR = 0.4633, NDCG = 0.2873, loss = 5.9887
2020-05-19 19:50:00,225 : Epoch 2: HR = 0.4761, NDCG = 0.2961, loss = 5.6886
2020-05-19 19:58:23,602 : Epoch 3: HR = 0.4556, NDCG = 0.2906, loss = 5.5358
2020-05-19 20:06:47,017 : Epoch 4: HR = 0.4858, NDCG = 0.3057, loss = 5.4369
2020-05-19 20:15:14,765 : Epoch 5: HR = 0.4573, NDCG = 0.2871, loss = 5.3558
2020-05-19 20:23:40,309 : Epoch 6: HR = 0.4481, NDCG = 0.2747, loss = 5.2881
2020-05-19 20:32:06,464 : Epoch 7: HR = 0.4677, NDCG = 0.2921, loss = 5.2480
2020-05-19 20:40:32,552 : Epoch 8: HR = 0.4813, NDCG = 0.3010, loss = 5.2038
2020-05-19 20:48:58,650 : Epoch 9: HR = 0.4685, NDCG = 0.2975, loss = 5.1810
2020-05-19 20:57:24,944 : Epoch 10: HR = 0.4783, NDCG = 0.2971, loss = 5.1467
2020-05-19 20:57:24,944 : Best epoch 4: HR = 0.4858, NDCG = 0.3057
2020-05-20 12:23:52,683 : Start....
2020-05-20 12:32:49,023 : Start....
2020-05-20 12:43:41,015 : Start....
2020-05-20 12:43:51,180 : Init: HR = 0.1272, NDCG = 0.0646
2020-05-20 12:44:08,655 : Epoch 1: HR = 0.1761, NDCG = 0.0801, loss = 15.8105
2020-05-20 12:44:25,170 : Epoch 2: HR = 0.2000, NDCG = 0.0964, loss = 14.9839
2020-05-20 12:44:42,157 : Epoch 3: HR = 0.2217, NDCG = 0.1175, loss = 14.5716
2020-05-20 12:44:57,353 : Epoch 4: HR = 0.2207, NDCG = 0.1220, loss = 13.9315
2020-05-20 12:45:12,891 : Epoch 5: HR = 0.2326, NDCG = 0.1248, loss = 13.4820
2020-05-20 12:45:28,277 : Epoch 6: HR = 0.2163, NDCG = 0.1131, loss = 13.0823
2020-05-20 12:45:43,918 : Epoch 7: HR = 0.2207, NDCG = 0.1156, loss = 12.8420
2020-05-20 12:45:59,615 : Epoch 8: HR = 0.2065, NDCG = 0.1107, loss = 12.7781
2020-05-20 12:46:16,789 : Epoch 9: HR = 0.2152, NDCG = 0.1137, loss = 12.7255
2020-05-20 12:46:32,995 : Epoch 10: HR = 0.2174, NDCG = 0.1228, loss = 12.6352
2020-05-20 12:46:32,995 : Best epoch 5: HR = 0.2326, NDCG = 0.1248
2020-05-20 12:55:04,005 : Start....
2020-05-20 12:55:14,043 : Init: HR = 0.1272, NDCG = 0.0646
2020-05-20 12:55:30,898 : Epoch 1: HR = 0.2109, NDCG = 0.1108, loss = 15.7651
2020-05-20 12:55:45,992 : Epoch 2: HR = 0.2174, NDCG = 0.1136, loss = 14.8426
2020-05-20 12:56:01,189 : Epoch 3: HR = 0.2326, NDCG = 0.1263, loss = 14.3900
2020-05-20 12:56:17,145 : Epoch 4: HR = 0.2120, NDCG = 0.1086, loss = 13.8640
2020-05-20 12:56:32,279 : Epoch 5: HR = 0.2033, NDCG = 0.0997, loss = 13.4589
2020-05-20 12:56:48,384 : Epoch 6: HR = 0.2033, NDCG = 0.1031, loss = 13.2026
2020-05-20 12:57:04,348 : Epoch 7: HR = 0.2250, NDCG = 0.1111, loss = 13.0711
2020-05-20 12:57:20,671 : Epoch 8: HR = 0.2098, NDCG = 0.1048, loss = 12.7510
2020-05-20 12:57:39,041 : Epoch 9: HR = 0.2239, NDCG = 0.1055, loss = 12.4981
2020-05-20 12:57:55,866 : Epoch 10: HR = 0.2228, NDCG = 0.1111, loss = 12.4459
2020-05-20 12:57:55,866 : Best epoch 3: HR = 0.2326, NDCG = 0.1263
2020-05-20 12:59:17,944 : Start....
2020-05-20 12:59:28,084 : Init: HR = 0.1272, NDCG = 0.0646
2020-05-20 12:59:43,834 : Epoch 1: HR = 0.2185, NDCG = 0.1119, loss = 15.9010
2020-05-20 12:59:58,795 : Epoch 2: HR = 0.2283, NDCG = 0.1233, loss = 14.7701
2020-05-20 13:00:13,933 : Epoch 3: HR = 0.2087, NDCG = 0.1091, loss = 14.0750
2020-05-20 13:00:29,332 : Epoch 4: HR = 0.2076, NDCG = 0.1142, loss = 13.6447
2020-05-20 13:00:44,288 : Epoch 5: HR = 0.2261, NDCG = 0.1218, loss = 13.1936
2020-05-20 13:00:59,266 : Epoch 6: HR = 0.2011, NDCG = 0.1072, loss = 13.0145
2020-05-20 13:01:14,299 : Epoch 7: HR = 0.2000, NDCG = 0.1078, loss = 12.7128
2020-05-20 13:01:29,601 : Epoch 8: HR = 0.2076, NDCG = 0.1045, loss = 12.4772
2020-05-20 13:01:44,593 : Epoch 9: HR = 0.1913, NDCG = 0.1055, loss = 12.3246
2020-05-20 13:01:59,541 : Epoch 10: HR = 0.2120, NDCG = 0.1174, loss = 12.3010
2020-05-20 13:01:59,541 : Best epoch 2: HR = 0.2283, NDCG = 0.1233
